<?xml version="1.0" encoding="UTF-8"?>
<!-- Generated by org.testng.reporters.JUnitXMLReporter -->
<testsuite ignored="0" hostname="SHARAB" failures="0" tests="6" name="testngTest" time="20.638" errors="0" timestamp="2024-12-26T12:05:19 IST">
  <testcase classname="com.example.Firstsel" name="launchApp" time="5.54"/>
  <testcase classname="com.example.Firstsel" name="login" time="3.439"/>
  <testcase classname="com.example.JSexecutor" name="launch" time="4.279"/>
  <testcase classname="com.example.JSexecutor" name="login" time="2.048"/>
  <testcase classname="com.example.JSexecutor" name="printLinks" time="0.548"/>
  <testcase classname="com.example.JSexecutor" name="courses" time="4.73"/>
</testsuite> <!-- testngTest -->
