<?xml version="1.0" encoding="UTF-8"?>
<!-- Generated by org.testng.reporters.JUnitXMLReporter -->
<testsuite ignored="0" hostname="SHARAB" failures="0" tests="6" name="testngTest" time="22.215" errors="0" timestamp="2024-12-25T17:21:22 IST">
  <testcase classname="com.example.Firstsel" name="launchApp" time="5.955"/>
  <testcase classname="com.example.Firstsel" name="login" time="3.122"/>
  <testcase classname="com.example.JSexecutor" name="launch" time="5.427"/>
  <testcase classname="com.example.JSexecutor" name="login" time="2.289"/>
  <testcase classname="com.example.JSexecutor" name="printLinks" time="0.406"/>
  <testcase classname="com.example.JSexecutor" name="courses" time="4.985"/>
</testsuite> <!-- testngTest -->
