<?xml version="1.0" encoding="UTF-8"?>
<testng-results ignored="0" total="6" passed="6" failed="0" skipped="0">
  <reporter-output>
  </reporter-output>
  <suite started-at="2024-12-26T12:04:59 IST" name="softwaretestingmaterial" finished-at="2024-12-26T12:05:19 IST" duration-ms="20638">
    <groups>
    </groups>
    <test started-at="2024-12-26T12:04:59 IST" name="testngTest" finished-at="2024-12-26T12:05:19 IST" duration-ms="20638">
      <class name="com.example.JSexecutor">
        <test-method signature="launch()[pri:0, instance:com.example.JSexecutor@57175e74]" started-at="2024-12-26T12:05:08 IST" name="launch" finished-at="2024-12-26T12:05:12 IST" duration-ms="4279" status="PASS">
          <reporter-output>
          </reporter-output>
        </test-method> <!-- launch -->
        <test-method signature="login()[pri:0, instance:com.example.JSexecutor@57175e74]" started-at="2024-12-26T12:05:12 IST" name="login" finished-at="2024-12-26T12:05:14 IST" duration-ms="2048" status="PASS">
          <reporter-output>
          </reporter-output>
        </test-method> <!-- login -->
        <test-method signature="printLinks()[pri:0, instance:com.example.JSexecutor@57175e74]" started-at="2024-12-26T12:05:14 IST" name="printLinks" finished-at="2024-12-26T12:05:14 IST" duration-ms="548" status="PASS">
          <reporter-output>
          </reporter-output>
        </test-method> <!-- printLinks -->
        <test-method signature="courses()[pri:0, instance:com.example.JSexecutor@57175e74]" started-at="2024-12-26T12:05:14 IST" name="courses" finished-at="2024-12-26T12:05:19 IST" depends-on-methods="com.example.JSexecutor.login" duration-ms="4730" status="PASS">
          <reporter-output>
          </reporter-output>
        </test-method> <!-- courses -->
      </class> <!-- com.example.JSexecutor -->
      <class name="com.example.Firstsel">
        <test-method signature="launchApp()[pri:0, instance:com.example.Firstsel@29ba4338]" started-at="2024-12-26T12:04:59 IST" name="launchApp" finished-at="2024-12-26T12:05:04 IST" duration-ms="5540" status="PASS">
          <reporter-output>
          </reporter-output>
        </test-method> <!-- launchApp -->
        <test-method signature="login()[pri:0, instance:com.example.Firstsel@29ba4338]" started-at="2024-12-26T12:05:04 IST" name="login" finished-at="2024-12-26T12:05:08 IST" duration-ms="3439" status="PASS">
          <reporter-output>
          </reporter-output>
        </test-method> <!-- login -->
      </class> <!-- com.example.Firstsel -->
    </test> <!-- testngTest -->
  </suite> <!-- softwaretestingmaterial -->
</testng-results>
