<?xml version="1.0" encoding="UTF-8"?>
<testsuite xmlns:xsi="http://www.w3.org/2001/XMLSchema-instance" xsi:noNamespaceSchemaLocation="https://maven.apache.org/surefire/maven-surefire-plugin/xsd/surefire-test-report.xsd" name="TestSuite" time="21.004" tests="6" errors="0" skipped="0" failures="0">
  <properties>
[...]
</properties>
  <testcase name="launchApp" classname="com.example.Firstsel" time="5.55"/>
  <testcase name="login" classname="com.example.Firstsel" time="3.436"/>
  <testcase name="launch" classname="com.example.JSexecutor" time="4.279"/>
  <testcase name="login" classname="com.example.JSexecutor" time="2.046"/>
  <testcase name="printLinks" classname="com.example.JSexecutor" time="0.548"/>
  <testcase name="courses" classname="com.example.JSexecutor" time="4.73"/>
</testsuite>